This file contains any messages produced by compilers while
running configure, to aid debugging if configure makes a mistake.

It was created by bin/RRSelection configure 0.8, which was
generated by GNU Autoconf 2.69.  Invocation command line was

  $ ./configure --no-create --no-recursion

## --------- ##
## Platform. ##
## --------- ##

hostname = hk-login-38-2.hk.hpc
uname -m = x86_64
uname -r = 2.6.32-696.el6.x86_64
uname -s = Linux
uname -v = #1 SMP Tue Mar 21 19:29:05 UTC 2017

/usr/bin/uname -p = unknown
/bin/uname -X     = unknown

/bin/arch              = x86_64
/usr/bin/arch -k       = unknown
/usr/convex/getsysinfo = unknown
/usr/bin/hostinfo      = unknown
/bin/machine           = unknown
/usr/bin/oslevel       = unknown
/bin/universe          = unknown

PATH: /ifshk4/BC_PUB/biosoft/newblc/04.UsrHgcc/bin
PATH: /ifshk4/BC_PUB/biosoft/newblc/01.Usr/bin
PATH: /ifshk7/BC_PAP/PROJECT/F13HPCAPKF0126_LEGvaoR/bin/RAD_NPGT/bin/
PATH: /opt/openmpi/bin
PATH: /usr/lib64/qt-3.3/bin
PATH: /usr/local/bin
PATH: /bin
PATH: /usr/bin
PATH: /usr/local/sbin
PATH: /usr/sbin
PATH: /sbin
PATH: /opt/bio/ncbi/bin
PATH: /opt/bio/mpiblast/bin
PATH: /opt/bio/EMBOSS/bin
PATH: /opt/bio/clustalw/bin
PATH: /opt/bio/tcoffee/bin
PATH: /opt/bio/hmmer/bin
PATH: /opt/bio/phylip/exe
PATH: /opt/bio/mrbayes
PATH: /opt/bio/fasta
PATH: /opt/bio/glimmer/bin
PATH: /opt/bio/glimmer/scripts
PATH: /opt/bio/gromacs/bin
PATH: /opt/bio/gmap/bin
PATH: /opt/bio/tigr/bin
PATH: /opt/bio/autodocksuite/bin
PATH: /opt/bio/wgs/bin
PATH: /opt/ganglia/bin
PATH: /opt/ganglia/sbin
PATH: /usr/java/latest/bin
PATH: /opt/pdsh/bin
PATH: /opt/rocks/bin
PATH: /opt/rocks/sbin
PATH: /opt/condor/bin
PATH: /opt/condor/sbin
PATH: /opt/gridengine/bin/linux-x64
PATH: /home/heweiming/bin
PATH: /ifshk7/BC_PAP/PROJECT/F13HPCAPKF0126_LEGvaoR/bin/RAD_NPGT/bin/


## ----------- ##
## Core tests. ##
## ----------- ##

configure:2229: checking for a BSD-compatible install
configure:2297: result: /usr/bin/install -c
configure:2308: checking whether build environment is sane
configure:2358: result: yes
configure:2499: checking for a thread-safe mkdir -p
configure:2538: result: /bin/mkdir -p
configure:2551: checking for gawk
configure:2567: found /bin/gawk
configure:2578: result: gawk
configure:2589: checking whether make sets $(MAKE)
configure:2611: result: yes
configure:2699: checking for gawk
configure:2726: result: gawk
configure:2795: checking for g++
configure:2811: found /ifshk4/BC_PUB/biosoft/newblc/04.UsrHgcc/bin/g++
configure:2822: result: g++
configure:2849: checking for C++ compiler version
configure:2858: g++ --version >&5
g++ (GCC) 6.4.0
Copyright (C) 2017 Free Software Foundation, Inc.
This is free software; see the source for copying conditions.  There is NO
warranty; not even for MERCHANTABILITY or FITNESS FOR A PARTICULAR PURPOSE.

configure:2869: $? = 0
configure:2858: g++ -v >&5
Using built-in specs.
COLLECT_GCC=g++
COLLECT_LTO_WRAPPER=/ifshk4/BC_PUB/biosoft/newblc/04.UsrHgcc/libexec/gcc/x86_64-pc-linux-gnu/6.4.0/lto-wrapper
Target: x86_64-pc-linux-gnu
Configured with: ./configure --prefix=/ifshk4/BC_PUB/biosoft/newblc/04.UsrHgcc --with-gmp=/ifshk4/BC_PUB/biosoft/newblc/01.Usr --with-mpc=/ifshk4/BC_PUB/biosoft/newblc/01.Usr --with-mpfr=/ifshk4/BC_PUB/biosoft/newblc/01.Usr -enable-checking=release -enable-languages=c,c++,fortran,go,objc,obj-c++,java -disable-multilib
Thread model: posix
gcc version 6.4.0 (GCC) 
configure:2869: $? = 0
configure:2858: g++ -V >&5
g++: error: unrecognized command line option '-V'
g++: fatal error: no input files
compilation terminated.
configure:2869: $? = 1
configure:2858: g++ -qversion >&5
g++: error: unrecognized command line option '-qversion'; did you mean '--version'?
g++: fatal error: no input files
compilation terminated.
configure:2869: $? = 1
configure:2889: checking whether the C++ compiler works
configure:2911: g++    conftest.cpp  >&5
configure:2915: $? = 0
configure:2963: result: yes
configure:2966: checking for C++ compiler default output file name
configure:2968: result: a.out
configure:2974: checking for suffix of executables
configure:2981: g++ -o conftest    conftest.cpp  >&5
configure:2985: $? = 0
configure:3007: result: 
configure:3029: checking whether we are cross compiling
configure:3037: g++ -o conftest    conftest.cpp  >&5
configure:3041: $? = 0
configure:3048: ./conftest
configure:3052: $? = 0
configure:3067: result: no
configure:3072: checking for suffix of object files
configure:3094: g++ -c   conftest.cpp >&5
configure:3098: $? = 0
configure:3119: result: o
configure:3123: checking whether we are using the GNU C++ compiler
configure:3142: g++ -c   conftest.cpp >&5
configure:3142: $? = 0
configure:3151: result: yes
configure:3160: checking whether g++ accepts -g
configure:3180: g++ -c -g  conftest.cpp >&5
configure:3180: $? = 0
configure:3221: result: yes
configure:3255: checking for style of include used by make
configure:3283: result: GNU
configure:3308: checking dependency style of g++
configure:3418: result: gcc3
configure:3487: checking for gcc
configure:3503: found /ifshk4/BC_PUB/biosoft/newblc/04.UsrHgcc/bin/gcc
configure:3514: result: gcc
configure:3545: checking for C compiler version
configure:3554: gcc --version >&5
gcc (GCC) 6.4.0
Copyright (C) 2017 Free Software Foundation, Inc.
This is free software; see the source for copying conditions.  There is NO
warranty; not even for MERCHANTABILITY or FITNESS FOR A PARTICULAR PURPOSE.

configure:3565: $? = 0
configure:3554: gcc -v >&5
Using built-in specs.
COLLECT_GCC=gcc
COLLECT_LTO_WRAPPER=/ifshk4/BC_PUB/biosoft/newblc/04.UsrHgcc/libexec/gcc/x86_64-pc-linux-gnu/6.4.0/lto-wrapper
Target: x86_64-pc-linux-gnu
Configured with: ./configure --prefix=/ifshk4/BC_PUB/biosoft/newblc/04.UsrHgcc --with-gmp=/ifshk4/BC_PUB/biosoft/newblc/01.Usr --with-mpc=/ifshk4/BC_PUB/biosoft/newblc/01.Usr --with-mpfr=/ifshk4/BC_PUB/biosoft/newblc/01.Usr -enable-checking=release -enable-languages=c,c++,fortran,go,objc,obj-c++,java -disable-multilib
Thread model: posix
gcc version 6.4.0 (GCC) 
configure:3565: $? = 0
configure:3554: gcc -V >&5
gcc: error: unrecognized command line option '-V'
gcc: fatal error: no input files
compilation terminated.
configure:3565: $? = 1
configure:3554: gcc -qversion >&5
gcc: error: unrecognized command line option '-qversion'; did you mean '--version'?
gcc: fatal error: no input files
compilation terminated.
configure:3565: $? = 1
configure:3569: checking whether we are using the GNU C compiler
configure:3588: gcc -c -g -O2  conftest.c >&5
configure:3588: $? = 0
configure:3597: result: yes
configure:3606: checking whether gcc accepts -g
configure:3626: gcc -c -g  conftest.c >&5
configure:3626: $? = 0
configure:3667: result: yes
configure:3684: checking for gcc option to accept ISO C89
configure:3747: gcc  -c -g -O2  conftest.c >&5
configure:3747: $? = 0
configure:3760: result: none needed
configure:3782: checking dependency style of gcc
configure:3892: result: gcc3
configure:3912: checking how to run the C preprocessor
configure:3943: gcc -E  conftest.c
configure:3943: $? = 0
configure:3957: gcc -E  conftest.c
conftest.c:11:28: fatal error: ac_nonexistent.h: No such file or directory
 #include <ac_nonexistent.h>
                            ^
compilation terminated.
configure:3957: $? = 1
configure: failed program was:
| /* confdefs.h */
| #define PACKAGE_NAME "bin/RRSelection"
| #define PACKAGE_TARNAME "bin-rrselection"
| #define PACKAGE_VERSION "0.8"
| #define PACKAGE_STRING "bin/RRSelection 0.8"
| #define PACKAGE_BUGREPORT "hewm2008@gmail.com"
| #define PACKAGE_URL ""
| #define PACKAGE "bin/RRSelection"
| #define VERSION "0.8"
| /* end confdefs.h.  */
| #include <ac_nonexistent.h>
configure:3982: result: gcc -E
configure:4002: gcc -E  conftest.c
configure:4002: $? = 0
configure:4016: gcc -E  conftest.c
conftest.c:11:28: fatal error: ac_nonexistent.h: No such file or directory
 #include <ac_nonexistent.h>
                            ^
compilation terminated.
configure:4016: $? = 1
configure: failed program was:
| /* confdefs.h */
| #define PACKAGE_NAME "bin/RRSelection"
| #define PACKAGE_TARNAME "bin-rrselection"
| #define PACKAGE_VERSION "0.8"
| #define PACKAGE_STRING "bin/RRSelection 0.8"
| #define PACKAGE_BUGREPORT "hewm2008@gmail.com"
| #define PACKAGE_URL ""
| #define PACKAGE "bin/RRSelection"
| #define VERSION "0.8"
| /* end confdefs.h.  */
| #include <ac_nonexistent.h>
configure:4044: checking whether ln -s works
configure:4048: result: yes
configure:4055: checking whether make sets $(MAKE)
configure:4077: result: yes
configure:4129: checking for ranlib
configure:4145: found /usr/bin/ranlib
configure:4156: result: ranlib
configure:4182: checking for main in -lz
configure:4201: gcc -o conftest -g -O2   conftest.c -lz   >&5
configure:4201: $? = 0
configure:4210: result: yes
configure:4229: checking for grep that handles long lines and -e
configure:4287: result: /bin/grep
configure:4292: checking for egrep
configure:4354: result: /bin/grep -E
configure:4359: checking for ANSI C header files
configure:4379: gcc -c -g -O2  conftest.c >&5
configure:4379: $? = 0
configure:4452: gcc -o conftest -g -O2   conftest.c -lz  >&5
configure:4452: $? = 0
configure:4452: ./conftest
configure:4452: $? = 0
configure:4463: result: yes
configure:4476: checking for sys/types.h
configure:4476: gcc -c -g -O2  conftest.c >&5
configure:4476: $? = 0
configure:4476: result: yes
configure:4476: checking for sys/stat.h
configure:4476: gcc -c -g -O2  conftest.c >&5
configure:4476: $? = 0
configure:4476: result: yes
configure:4476: checking for stdlib.h
configure:4476: gcc -c -g -O2  conftest.c >&5
configure:4476: $? = 0
configure:4476: result: yes
configure:4476: checking for string.h
configure:4476: gcc -c -g -O2  conftest.c >&5
configure:4476: $? = 0
configure:4476: result: yes
configure:4476: checking for memory.h
configure:4476: gcc -c -g -O2  conftest.c >&5
configure:4476: $? = 0
configure:4476: result: yes
configure:4476: checking for strings.h
configure:4476: gcc -c -g -O2  conftest.c >&5
configure:4476: $? = 0
configure:4476: result: yes
configure:4476: checking for inttypes.h
configure:4476: gcc -c -g -O2  conftest.c >&5
configure:4476: $? = 0
configure:4476: result: yes
configure:4476: checking for stdint.h
configure:4476: gcc -c -g -O2  conftest.c >&5
configure:4476: $? = 0
configure:4476: result: yes
configure:4476: checking for unistd.h
configure:4476: gcc -c -g -O2  conftest.c >&5
configure:4476: $? = 0
configure:4476: result: yes
configure:4490: checking zlib.h usability
configure:4490: gcc -c -g -O2  conftest.c >&5
configure:4490: $? = 0
configure:4490: result: yes
configure:4490: checking zlib.h presence
configure:4490: gcc -E  conftest.c
configure:4490: $? = 0
configure:4490: result: yes
configure:4490: checking for zlib.h
configure:4490: result: yes
configure:4504: checking math.h usability
configure:4504: gcc -c -g -O2  conftest.c >&5
configure:4504: $? = 0
configure:4504: result: yes
configure:4504: checking math.h presence
configure:4504: gcc -E  conftest.c
configure:4504: $? = 0
configure:4504: result: yes
configure:4504: checking for math.h
configure:4504: result: yes
configure:4532: checking for stdlib.h
configure:4532: result: yes
configure:4542: checking for GNU libc compatible malloc
configure:4566: gcc -o conftest -g -O2   conftest.c -lz  >&5
configure:4566: $? = 0
configure:4566: ./conftest
configure:4566: $? = 0
configure:4576: result: yes
configure:4599: checking for stdlib.h
configure:4599: result: yes
configure:4609: checking for GNU libc compatible realloc
configure:4633: gcc -o conftest -g -O2   conftest.c -lz  >&5
configure:4633: $? = 0
configure:4633: ./conftest
configure:4633: $? = 0
configure:4643: result: yes
configure:4667: checking for memset
configure:4667: gcc -o conftest -g -O2   conftest.c -lz  >&5
conftest.c:51:6: warning: conflicting types for built-in function 'memset'
 char memset ();
      ^~~~~~
configure:4667: $? = 0
configure:4667: result: yes
configure:4667: checking for regcomp
configure:4667: gcc -o conftest -g -O2   conftest.c -lz  >&5
configure:4667: $? = 0
configure:4667: result: yes
configure:4667: checking for sqrt
configure:4667: gcc -o conftest -g -O2   conftest.c -lz  >&5
conftest.c:53:6: warning: conflicting types for built-in function 'sqrt'
 char sqrt ();
      ^~~~
/tmp/ccKBYa3x.o: In function `main':
/ifshk7/BC_PS/heweiming/06.Delelop/RRSelection-0.8/conftest.c:64: undefined reference to `sqrt'
collect2: error: ld returned 1 exit status
configure:4667: $? = 1
configure: failed program was:
| /* confdefs.h */
| #define PACKAGE_NAME "bin/RRSelection"
| #define PACKAGE_TARNAME "bin-rrselection"
| #define PACKAGE_VERSION "0.8"
| #define PACKAGE_STRING "bin/RRSelection 0.8"
| #define PACKAGE_BUGREPORT "hewm2008@gmail.com"
| #define PACKAGE_URL ""
| #define PACKAGE "bin/RRSelection"
| #define VERSION "0.8"
| #define HAVE_LIBZ 1
| #define STDC_HEADERS 1
| #define HAVE_SYS_TYPES_H 1
| #define HAVE_SYS_STAT_H 1
| #define HAVE_STDLIB_H 1
| #define HAVE_STRING_H 1
| #define HAVE_MEMORY_H 1
| #define HAVE_STRINGS_H 1
| #define HAVE_INTTYPES_H 1
| #define HAVE_STDINT_H 1
| #define HAVE_UNISTD_H 1
| #define HAVE_ZLIB_H 1
| #define HAVE_MATH_H 1
| #define HAVE_STDLIB_H 1
| #define HAVE_MALLOC 1
| #define HAVE_STDLIB_H 1
| #define HAVE_REALLOC 1
| #define HAVE_MEMSET 1
| #define HAVE_REGCOMP 1
| /* end confdefs.h.  */
| /* Define sqrt to an innocuous variant, in case <limits.h> declares sqrt.
|    For example, HP-UX 11i <limits.h> declares gettimeofday.  */
| #define sqrt innocuous_sqrt
| 
| /* System header to define __stub macros and hopefully few prototypes,
|     which can conflict with char sqrt (); below.
|     Prefer <limits.h> to <assert.h> if __STDC__ is defined, since
|     <limits.h> exists even on freestanding compilers.  */
| 
| #ifdef __STDC__
| # include <limits.h>
| #else
| # include <assert.h>
| #endif
| 
| #undef sqrt
| 
| /* Override any GCC internal prototype to avoid an error.
|    Use char because int might match the return type of a GCC
|    builtin and then its argument prototype would still apply.  */
| #ifdef __cplusplus
| extern "C"
| #endif
| char sqrt ();
| /* The GNU C library defines this for functions which it implements
|     to always fail with ENOSYS.  Some functions are actually named
|     something starting with __ and the normal name is an alias.  */
| #if defined __stub_sqrt || defined __stub___sqrt
| choke me
| #endif
| 
| int
| main ()
| {
| return sqrt ();
|   ;
|   return 0;
| }
configure:4667: result: no
configure:4667: checking for strdup
configure:4667: gcc -o conftest -g -O2   conftest.c -lz  >&5
conftest.c:53:6: warning: conflicting types for built-in function 'strdup'
 char strdup ();
      ^~~~~~
configure:4667: $? = 0
configure:4667: result: yes
configure:4667: checking for strncasecmp
configure:4667: gcc -o conftest -g -O2   conftest.c -lz  >&5
conftest.c:54:6: warning: conflicting types for built-in function 'strncasecmp'
 char strncasecmp ();
      ^~~~~~~~~~~
configure:4667: $? = 0
configure:4667: result: yes
configure:4667: checking for strtol
configure:4667: gcc -o conftest -g -O2   conftest.c -lz  >&5
configure:4667: $? = 0
configure:4667: result: yes
configure:4816: creating ./config.status

## ---------------- ##
## Cache variables. ##
## ---------------- ##

ac_cv_c_compiler_gnu=yes
ac_cv_cxx_compiler_gnu=yes
ac_cv_env_CCC_set=
ac_cv_env_CCC_value=
ac_cv_env_CC_set=
ac_cv_env_CC_value=
ac_cv_env_CFLAGS_set=set
ac_cv_env_CFLAGS_value='-g -O2'
ac_cv_env_CPPFLAGS_set=
ac_cv_env_CPPFLAGS_value=
ac_cv_env_CPP_set=
ac_cv_env_CPP_value=
ac_cv_env_CXXFLAGS_set=
ac_cv_env_CXXFLAGS_value=
ac_cv_env_CXX_set=
ac_cv_env_CXX_value=
ac_cv_env_LDFLAGS_set=set
ac_cv_env_LDFLAGS_value=
ac_cv_env_LIBS_set=
ac_cv_env_LIBS_value=
ac_cv_env_build_alias_set=
ac_cv_env_build_alias_value=
ac_cv_env_host_alias_set=
ac_cv_env_host_alias_value=
ac_cv_env_target_alias_set=
ac_cv_env_target_alias_value=
ac_cv_func_malloc_0_nonnull=yes
ac_cv_func_memset=yes
ac_cv_func_realloc_0_nonnull=yes
ac_cv_func_regcomp=yes
ac_cv_func_sqrt=no
ac_cv_func_strdup=yes
ac_cv_func_strncasecmp=yes
ac_cv_func_strtol=yes
ac_cv_header_inttypes_h=yes
ac_cv_header_math_h=yes
ac_cv_header_memory_h=yes
ac_cv_header_stdc=yes
ac_cv_header_stdint_h=yes
ac_cv_header_stdlib_h=yes
ac_cv_header_string_h=yes
ac_cv_header_strings_h=yes
ac_cv_header_sys_stat_h=yes
ac_cv_header_sys_types_h=yes
ac_cv_header_unistd_h=yes
ac_cv_header_zlib_h=yes
ac_cv_lib_z_main=yes
ac_cv_objext=o
ac_cv_path_EGREP='/bin/grep -E'
ac_cv_path_GREP=/bin/grep
ac_cv_path_install='/usr/bin/install -c'
ac_cv_path_mkdir=/bin/mkdir
ac_cv_prog_AWK=gawk
ac_cv_prog_CPP='gcc -E'
ac_cv_prog_ac_ct_CC=gcc
ac_cv_prog_ac_ct_CXX=g++
ac_cv_prog_ac_ct_RANLIB=ranlib
ac_cv_prog_cc_c89=
ac_cv_prog_cc_g=yes
ac_cv_prog_cxx_g=yes
ac_cv_prog_make_make_set=yes
am_cv_CC_dependencies_compiler_type=gcc3
am_cv_CXX_dependencies_compiler_type=gcc3

## ----------------- ##
## Output variables. ##
## ----------------- ##

ACLOCAL='${SHELL} /ifshk7/BC_PS/heweiming/06.Delelop/RRSelection-0.8/missing --run aclocal-1.11'
AMDEPBACKSLASH='\'
AMDEP_FALSE='#'
AMDEP_TRUE=''
AMTAR='${SHELL} /ifshk7/BC_PS/heweiming/06.Delelop/RRSelection-0.8/missing --run tar'
AUTOCONF='${SHELL} /ifshk7/BC_PS/heweiming/06.Delelop/RRSelection-0.8/missing --run autoconf'
AUTOHEADER='${SHELL} /ifshk7/BC_PS/heweiming/06.Delelop/RRSelection-0.8/missing --run autoheader'
AUTOMAKE='${SHELL} /ifshk7/BC_PS/heweiming/06.Delelop/RRSelection-0.8/missing --run automake-1.11'
AWK='gawk'
CC='gcc'
CCDEPMODE='depmode=gcc3'
CFLAGS='-g -O2'
CPP='gcc -E'
CPPFLAGS=''
CXX='g++'
CXXDEPMODE='depmode=gcc3'
CXXFLAGS='-g -O2'
CYGPATH_W='echo'
DEFS='-DHAVE_CONFIG_H'
DEPDIR='.deps'
ECHO_C=''
ECHO_N='-n'
ECHO_T=''
EGREP='/bin/grep -E'
EXEEXT=''
GREP='/bin/grep'
INSTALL_DATA='${INSTALL} -m 644'
INSTALL_PROGRAM='${INSTALL}'
INSTALL_SCRIPT='${INSTALL}'
INSTALL_STRIP_PROGRAM='$(install_sh) -c -s'
LDFLAGS=''
LIBOBJS=''
LIBS='-lz '
LN_S='ln -s'
LTLIBOBJS=''
MAKEINFO='${SHELL} /ifshk7/BC_PS/heweiming/06.Delelop/RRSelection-0.8/missing --run makeinfo'
MKDIR_P='/bin/mkdir -p'
OBJEXT='o'
PACKAGE='bin/RRSelection'
PACKAGE_BUGREPORT='hewm2008@gmail.com'
PACKAGE_NAME='bin/RRSelection'
PACKAGE_STRING='bin/RRSelection 0.8'
PACKAGE_TARNAME='bin-rrselection'
PACKAGE_URL=''
PACKAGE_VERSION='0.8'
PATH_SEPARATOR=':'
RANLIB='ranlib'
SET_MAKE=''
SHELL='/bin/sh'
STRIP=''
VERSION='0.8'
ac_ct_CC='gcc'
ac_ct_CXX='g++'
am__EXEEXT_FALSE=''
am__EXEEXT_TRUE='#'
am__fastdepCC_FALSE='#'
am__fastdepCC_TRUE=''
am__fastdepCXX_FALSE='#'
am__fastdepCXX_TRUE=''
am__include='include'
am__isrc=''
am__leading_dot='.'
am__quote=''
am__tar='${AMTAR} chof - "$$tardir"'
am__untar='${AMTAR} xf -'
bindir='${exec_prefix}/bin'
build_alias=''
datadir='${datarootdir}'
datarootdir='${prefix}/share'
docdir='${datarootdir}/doc/${PACKAGE_TARNAME}'
dvidir='${docdir}'
exec_prefix='${prefix}'
host_alias=''
htmldir='${docdir}'
includedir='${prefix}/include'
infodir='${datarootdir}/info'
install_sh='${SHELL} /ifshk7/BC_PS/heweiming/06.Delelop/RRSelection-0.8/install-sh'
libdir='${exec_prefix}/lib'
libexecdir='${exec_prefix}/libexec'
localedir='${datarootdir}/locale'
localstatedir='${prefix}/var'
mandir='${datarootdir}/man'
mkdir_p='/bin/mkdir -p'
oldincludedir='/usr/include'
pdfdir='${docdir}'
prefix='/usr/local'
program_transform_name='s,x,x,'
psdir='${docdir}'
sbindir='${exec_prefix}/sbin'
sharedstatedir='${prefix}/com'
sysconfdir='${prefix}/etc'
target_alias=''

## ----------- ##
## confdefs.h. ##
## ----------- ##

/* confdefs.h */
#define PACKAGE_NAME "bin/RRSelection"
#define PACKAGE_TARNAME "bin-rrselection"
#define PACKAGE_VERSION "0.8"
#define PACKAGE_STRING "bin/RRSelection 0.8"
#define PACKAGE_BUGREPORT "hewm2008@gmail.com"
#define PACKAGE_URL ""
#define PACKAGE "bin/RRSelection"
#define VERSION "0.8"
#define HAVE_LIBZ 1
#define STDC_HEADERS 1
#define HAVE_SYS_TYPES_H 1
#define HAVE_SYS_STAT_H 1
#define HAVE_STDLIB_H 1
#define HAVE_STRING_H 1
#define HAVE_MEMORY_H 1
#define HAVE_STRINGS_H 1
#define HAVE_INTTYPES_H 1
#define HAVE_STDINT_H 1
#define HAVE_UNISTD_H 1
#define HAVE_ZLIB_H 1
#define HAVE_MATH_H 1
#define HAVE_STDLIB_H 1
#define HAVE_MALLOC 1
#define HAVE_STDLIB_H 1
#define HAVE_REALLOC 1
#define HAVE_MEMSET 1
#define HAVE_REGCOMP 1
#define HAVE_STRDUP 1
#define HAVE_STRNCASECMP 1
#define HAVE_STRTOL 1

configure: exit 0

## ---------------------- ##
## Running config.status. ##
## ---------------------- ##

This file was extended by bin/RRSelection config.status 0.8, which was
generated by GNU Autoconf 2.69.  Invocation command line was

  CONFIG_FILES    = 
  CONFIG_HEADERS  = 
  CONFIG_LINKS    = 
  CONFIG_COMMANDS = 
  $ ./config.status 

on hk-login-38-2.hk.hpc

config.status:867: creating Makefile
config.status:867: creating config.h
config.status:1048: config.h is unchanged
config.status:1096: executing depfiles commands

## ---------------------- ##
## Running config.status. ##
## ---------------------- ##

This file was extended by bin/RRSelection config.status 0.8, which was
generated by GNU Autoconf 2.69.  Invocation command line was

  CONFIG_FILES    = 
  CONFIG_HEADERS  = 
  CONFIG_LINKS    = 
  CONFIG_COMMANDS = 
  $ ./config.status config.h

on hk-login-38-2.hk.hpc

config.status:867: creating config.h
